template/linux/android/app/build/intermediates/manifest_merge_blame_file/debug/processDebugMainManifest/manifest-merger-blame-debug-report.txt
1<?xml version="1.0" encoding="utf-8"?>
2<manifest xmlns:android="http://schemas.android.com/apk/res/android"
3    package="com.example.TicTacToe"
4    android:versionCode="1"
5    android:versionName="1.0" >
6
7    <uses-sdk
8        android:minSdkVersion="21"
9        android:targetSdkVersion="34" />
10
11    <uses-feature
11-->src\main\AndroidManifest.xml:4:5-6:36
12        android:name="android.hardware.camera"
12-->src\main\AndroidManifest.xml:5:9-47
13        android:required="false" />
13-->src\main\AndroidManifest.xml:6:9-33
14
15    <uses-permission android:name="android.permission.ACCESS_COARSE_LOCATION" />
15-->src\main\AndroidManifest.xml:8:5-81
15-->src\main\AndroidManifest.xml:8:22-78
16    <uses-permission android:name="android.permission.ACCESS_FINE_LOCATION" />
16-->src\main\AndroidManifest.xml:9:5-79
16-->src\main\AndroidManifest.xml:9:22-76
17    <uses-permission android:name="android.permission.ACCESS_COARSE_LOCATION" />
17-->src\main\AndroidManifest.xml:8:5-81
17-->src\main\AndroidManifest.xml:8:22-78
18    <uses-permission android:name="android.permission.CAMERA" />
18-->src\main\AndroidManifest.xml:11:5-64
18-->src\main\AndroidManifest.xml:11:22-62
19    <uses-permission android:name="android.permission.FOREGROUND_SERVICE_CAMERA" />
19-->src\main\AndroidManifest.xml:12:5-83
19-->src\main\AndroidManifest.xml:12:22-81
20    <uses-permission android:name="android.permission.INTERNET" />
20-->src\main\AndroidManifest.xml:13:5-67
20-->src\main\AndroidManifest.xml:13:22-64
21    <uses-permission android:name="android.permission.VIBRATE" />
21-->src\main\AndroidManifest.xml:14:5-66
21-->src\main\AndroidManifest.xml:14:22-63
22
23    <permission
23-->[androidx.core:core:1.13.0] AndroidManifest.xml:22:5-24:47
24        android:name="com.example.TicTacToe.DYNAMIC_RECEIVER_NOT_EXPORTED_PERMISSION"
24-->[androidx.core:core:1.13.0] AndroidManifest.xml:23:9-81
25        android:protectionLevel="signature" />
25-->[androidx.core:core:1.13.0] AndroidManifest.xml:24:9-44
26
27    <uses-permission android:name="com.example.TicTacToe.DYNAMIC_RECEIVER_NOT_EXPORTED_PERMISSION" />
27-->[androidx.core:core:1.13.0] AndroidManifest.xml:26:5-97
27-->[androidx.core:core:1.13.0] AndroidManifest.xml:26:22-94
28
29    <application
29-->src\main\AndroidManifest.xml:15:5-39:19
30        android:allowBackup="true"
30-->src\main\AndroidManifest.xml:16:9-35
31        android:appComponentFactory="androidx.core.app.CoreComponentFactory"
31-->[androidx.core:core:1.13.0] AndroidManifest.xml:28:18-86
32        android:debuggable="true"
33        android:extractNativeLibs="true"
34        android:label="TicTacToe"
34-->src\main\AndroidManifest.xml:17:9-34
35        android:testOnly="true"
36        android:theme="@style/Theme.TicTacToe"
36-->src\main\AndroidManifest.xml:19:9-47
37        android:usesCleartextTraffic="true" >
37-->src\main\AndroidManifest.xml:18:9-44
38        <activity
38-->src\main\AndroidManifest.xml:21:9-29:20
39            android:name="com.example.TicTacToe.MainActivity"
39-->src\main\AndroidManifest.xml:22:13-41
40            android:configChanges="orientation|screenSize|keyboardHidden"
40-->src\main\AndroidManifest.xml:23:13-74
41            android:exported="true" >
41-->src\main\AndroidManifest.xml:24:13-36
42            <intent-filter>
42-->src\main\AndroidManifest.xml:25:13-28:29
43                <action android:name="android.intent.action.MAIN" />
43-->src\main\AndroidManifest.xml:26:17-69
43-->src\main\AndroidManifest.xml:26:25-66
44
45                <category android:name="android.intent.category.LAUNCHER" />
45-->src\main\AndroidManifest.xml:27:17-77
45-->src\main\AndroidManifest.xml:27:27-74
46            </intent-filter>
47        </activity>
48
49        <provider
50            android:name="androidx.core.content.FileProvider"
50-->src\main\AndroidManifest.xml:31:13-62
51            android:authorities="com.example.TicTacToe.fileprovider"
51-->src\main\AndroidManifest.xml:32:13-64
52            android:exported="false"
52-->src\main\AndroidManifest.xml:33:13-37
53            android:grantUriPermissions="true" >
53-->src\main\AndroidManifest.xml:34:13-47
54            <meta-data
54-->src\main\AndroidManifest.xml:35:13-37:54
55                android:name="android.support.FILE_PROVIDER_PATHS"
55-->src\main\AndroidManifest.xml:36:17-67
56                android:resource="@xml/file_paths" />
56-->src\main\AndroidManifest.xml:37:17-51
57        </provider>
58        <provider
58-->[androidx.emoji2:emoji2:1.3.0] AndroidManifest.xml:24:9-32:20
59            android:name="androidx.startup.InitializationProvider"
59-->[androidx.emoji2:emoji2:1.3.0] AndroidManifest.xml:25:13-67
60            android:authorities="com.example.TicTacToe.androidx-startup"
60-->[androidx.emoji2:emoji2:1.3.0] AndroidManifest.xml:26:13-68
61            android:exported="false" >
61-->[androidx.emoji2:emoji2:1.3.0] AndroidManifest.xml:27:13-37
62            <meta-data
62-->[androidx.emoji2:emoji2:1.3.0] AndroidManifest.xml:29:13-31:52
63                android:name="androidx.emoji2.text.EmojiCompatInitializer"
63-->[androidx.emoji2:emoji2:1.3.0] AndroidManifest.xml:30:17-75
64                android:value="androidx.startup" />
64-->[androidx.emoji2:emoji2:1.3.0] AndroidManifest.xml:31:17-49
65            <meta-data
65-->[androidx.lifecycle:lifecycle-process:2.6.2] AndroidManifest.xml:29:13-31:52
66                android:name="androidx.lifecycle.ProcessLifecycleInitializer"
66-->[androidx.lifecycle:lifecycle-process:2.6.2] AndroidManifest.xml:30:17-78
67                android:value="androidx.startup" />
67-->[androidx.lifecycle:lifecycle-process:2.6.2] AndroidManifest.xml:31:17-49
68            <meta-data
68-->[androidx.profileinstaller:profileinstaller:1.3.1] AndroidManifest.xml:29:13-31:52
69                android:name="androidx.profileinstaller.ProfileInstallerInitializer"
69-->[androidx.profileinstaller:profileinstaller:1.3.1] AndroidManifest.xml:30:17-85
70                android:value="androidx.startup" />
70-->[androidx.profileinstaller:profileinstaller:1.3.1] AndroidManifest.xml:31:17-49
71        </provider>
72
73        <receiver
73-->[androidx.profileinstaller:profileinstaller:1.3.1] AndroidManifest.xml:34:9-52:20
74            android:name="androidx.profileinstaller.ProfileInstallReceiver"
74-->[androidx.profileinstaller:profileinstaller:1.3.1] AndroidManifest.xml:35:13-76
75            android:directBootAware="false"
75-->[androidx.profileinstaller:profileinstaller:1.3.1] AndroidManifest.xml:36:13-44
76            android:enabled="true"
76-->[androidx.profileinstaller:profileinstaller:1.3.1] AndroidManifest.xml:37:13-35
77            android:exported="true"
77-->[androidx.profileinstaller:profileinstaller:1.3.1] AndroidManifest.xml:38:13-36
78            android:permission="android.permission.DUMP" >
78-->[androidx.profileinstaller:profileinstaller:1.3.1] AndroidManifest.xml:39:13-57
79            <intent-filter>
79-->[androidx.profileinstaller:profileinstaller:1.3.1] AndroidManifest.xml:40:13-42:29
80                <action android:name="androidx.profileinstaller.action.INSTALL_PROFILE" />
80-->[androidx.profileinstaller:profileinstaller:1.3.1] AndroidManifest.xml:41:17-91
80-->[androidx.profileinstaller:profileinstaller:1.3.1] AndroidManifest.xml:41:25-88
81            </intent-filter>
82            <intent-filter>
82-->[androidx.profileinstaller:profileinstaller:1.3.1] AndroidManifest.xml:43:13-45:29
83                <action android:name="androidx.profileinstaller.action.SKIP_FILE" />
83-->[androidx.profileinstaller:profileinstaller:1.3.1] AndroidManifest.xml:44:17-85
83-->[androidx.profileinstaller:profileinstaller:1.3.1] AndroidManifest.xml:44:25-82
84            </intent-filter>
85            <intent-filter>
85-->[androidx.profileinstaller:profileinstaller:1.3.1] AndroidManifest.xml:46:13-48:29
86                <action android:name="androidx.profileinstaller.action.SAVE_PROFILE" />
86-->[androidx.profileinstaller:profileinstaller:1.3.1] AndroidManifest.xml:47:17-88
86-->[androidx.profileinstaller:profileinstaller:1.3.1] AndroidManifest.xml:47:25-85
87            </intent-filter>
88            <intent-filter>
88-->[androidx.profileinstaller:profileinstaller:1.3.1] AndroidManifest.xml:49:13-51:29
89                <action android:name="androidx.profileinstaller.action.BENCHMARK_OPERATION" />
89-->[androidx.profileinstaller:profileinstaller:1.3.1] AndroidManifest.xml:50:17-95
89-->[androidx.profileinstaller:profileinstaller:1.3.1] AndroidManifest.xml:50:25-92
90            </intent-filter>
91        </receiver>
92    </application>
93
94</manifest>